Godot Engine v3.4.4.stable.official.419e713a2 - https://godotengine.org
OpenGL ES 3.0 Renderer: Radeon RX 460 Series
OpenGL ES Batching: ON
 
FILE: .
FILE: ..
FILE: Sheets
File dic path: res://data/Tables/Table(1)/Sheets
FILE: 
Files 5454545: [{file:Sheets, path:res://data/Tables/Table(1)/Sheets}]

SUB FILE .


SUB FILE ..


SUB FILE Sheet


Sub File Dic: {file:Sheet, path:res://data/Tables/Table(1)/Sheets/Sheet}


SUB FILE 


Itens: [{file:Sheets, path:res://data/Tables/Table(1)/Sheets}, {file:Sheet, path:res://data/Tables/Table(1)/Sheets/Sheet}]


SUB FILE 02 .


SUB FILE 02 ..


SUB FILE 02 Sheet


Sub File Dic: {file:Sheet, path:res://data/Tables/Table(1)/Sheets/Sheet}


SUB FILE 02 


 Size: 3 


Itens 02: [{file:Sheets, path:res://data/Tables/Table(1)/Sheets}, {file:Sheet, path:res://data/Tables/Table(1)/Sheets/Sheet}, {file:Sheets, path:res://data/Tables/Table(1)/Sheets}]


SUB FILE 03 .


SUB FILE 03 ..


SUB FILE 03 Sheet


Sub File Dic 05050505: {file:Sheet, path:res://data/Tables/Table(1)/Sheets/Sheet}

[{file:Sheet, path:res://data/Tables/Table(1)/Sheets/Sheet}]

SUB FILE 03 


Itens 0050505: [{file:Sheets, path:res://data/Tables/Table(1)/Sheets}, {file:Sheets, path:res://data/Tables/Table(1)/Sheets}, {file:Sheets, path:res://data/Tables/Table(1)/Sheets}]


SUB FILE 03 .


SUB FILE 03 ..


SUB FILE 03 Sheet


Sub File Dic 05050505: {file:Sheet, path:res://data/Tables/Table(1)/Sheets/Sheet}

[{file:Sheet, path:res://data/Tables/Table(1)/Sheets/Sheet}, {file:Sheet, path:res://data/Tables/Table(1)/Sheets/Sheet}]

SUB FILE 03 


Itens 0050505: [{file:Sheets, path:res://data/Tables/Table(1)/Sheets}, {file:Sheets, path:res://data/Tables/Table(1)/Sheets}, {file:Sheets, path:res://data/Tables/Table(1)/Sheets}]


SUB FILE 03 .


SUB FILE 03 ..


SUB FILE 03 Sheet


Sub File Dic 05050505: {file:Sheet, path:res://data/Tables/Table(1)/Sheets/Sheet}

[{file:Sheet, path:res://data/Tables/Table(1)/Sheets/Sheet}, {file:Sheet, path:res://data/Tables/Table(1)/Sheets/Sheet}, {file:Sheet, path:res://data/Tables/Table(1)/Sheets/Sheet}]

SUB FILE 03 


Itens 0050505: [{file:Sheets, path:res://data/Tables/Table(1)/Sheets}, {file:Sheets, path:res://data/Tables/Table(1)/Sheets}, {file:Sheets, path:res://data/Tables/Table(1)/Sheets}]


SUB FILE 02 .


SUB FILE 02 ..


SUB FILE 02 Sheet


Sub File Dic: {file:Sheet, path:res://data/Tables/Table(1)/Sheets/Sheet}


SUB FILE 02 


 Size: 4 


Itens 02: [{file:Sheets, path:res://data/Tables/Table(1)/Sheets}, {file:Sheets, path:res://data/Tables/Table(1)/Sheets}, {file:Sheet, path:res://data/Tables/Table(1)/Sheets/Sheet}, {file:Sheets, path:res://data/Tables/Table(1)/Sheets}]


SUB FILE 03 .


SUB FILE 03 ..


SUB FILE 03 Sheet


Sub File Dic 05050505: {file:Sheet, path:res://data/Tables/Table(1)/Sheets/Sheet}

[{file:Sheet, path:res://data/Tables/Table(1)/Sheets/Sheet}, {file:Sheet, path:res://data/Tables/Table(1)/Sheets/Sheet}, {file:Sheet, path:res://data/Tables/Table(1)/Sheets/Sheet}, {file:Sheet, path:res://data/Tables/Table(1)/Sheets/Sheet}]

SUB FILE 03 


Itens 0050505: [{file:Sheets, path:res://data/Tables/Table(1)/Sheets}, {file:Sheets, path:res://data/Tables/Table(1)/Sheets}, {file:Sheets, path:res://data/Tables/Table(1)/Sheets}, {file:Sheets, path:res://data/Tables/Table(1)/Sheets}]


SUB FILE 03 .


SUB FILE 03 ..


SUB FILE 03 Sheet


Sub File Dic 05050505: {file:Sheet, path:res://data/Tables/Table(1)/Sheets/Sheet}

[{file:Sheet, path:res://data/Tables/Table(1)/Sheets/Sheet}, {file:Sheet, path:res://data/Tables/Table(1)/Sheets/Sheet}, {file:Sheet, path:res://data/Tables/Table(1)/Sheets/Sheet}, {file:Sheet, path:res://data/Tables/Table(1)/Sheets/Sheet}, {file:Sheet, path:res://data/Tables/Table(1)/Sheets/Sheet}]

SUB FILE 03 


Itens 0050505: [{file:Sheets, path:res://data/Tables/Table(1)/Sheets}, {file:Sheets, path:res://data/Tables/Table(1)/Sheets}, {file:Sheets, path:res://data/Tables/Table(1)/Sheets}, {file:Sheets, path:res://data/Tables/Table(1)/Sheets}]


SUB FILE 03 .


SUB FILE 03 ..


SUB FILE 03 Sheet


Sub File Dic 05050505: {file:Sheet, path:res://data/Tables/Table(1)/Sheets/Sheet}

[{file:Sheet, path:res://data/Tables/Table(1)/Sheets/Sheet}, {file:Sheet, path:res://data/Tables/Table(1)/Sheets/Sheet}, {file:Sheet, path:res://data/Tables/Table(1)/Sheets/Sheet}, {file:Sheet, path:res://data/Tables/Table(1)/Sheets/Sheet}, {file:Sheet, path:res://data/Tables/Table(1)/Sheets/Sheet}, {file:Sheet, path:res://data/Tables/Table(1)/Sheets/Sheet}]

SUB FILE 03 


Itens 0050505: [{file:Sheets, path:res://data/Tables/Table(1)/Sheets}, {file:Sheets, path:res://data/Tables/Table(1)/Sheets}, {file:Sheets, path:res://data/Tables/Table(1)/Sheets}, {file:Sheets, path:res://data/Tables/Table(1)/Sheets}]


SUB FILE 03 .


SUB FILE 03 ..


SUB FILE 03 Sheet


Sub File Dic 05050505: {file:Sheet, path:res://data/Tables/Table(1)/Sheets/Sheet}

[{file:Sheet, path:res://data/Tables/Table(1)/Sheets/Sheet}, {file:Sheet, path:res://data/Tables/Table(1)/Sheets/Sheet}, {file:Sheet, path:res://data/Tables/Table(1)/Sheets/Sheet}, {file:Sheet, path:res://data/Tables/Table(1)/Sheets/Sheet}, {file:Sheet, path:res://data/Tables/Table(1)/Sheets/Sheet}, {file:Sheet, path:res://data/Tables/Table(1)/Sheets/Sheet}, {file:Sheet, path:res://data/Tables/Table(1)/Sheets/Sheet}]

SUB FILE 03 


Itens 0050505: [{file:Sheets, path:res://data/Tables/Table(1)/Sheets}, {file:Sheets, path:res://data/Tables/Table(1)/Sheets}, {file:Sheets, path:res://data/Tables/Table(1)/Sheets}, {file:Sheets, path:res://data/Tables/Table(1)/Sheets}]

